Using pre-set license

 COMMAND LINE ARGUMENTS:
/Applications/Unity/Hub/Editor/2020.3.15f1/Unity.app/Contents/MacOS/Unity
-adb2
-batchMode
-noUpm
-name
AssetImportWorker0
-projectPath
/Users/lbp/Documents/Unity Projects/First-Project-main/First-Project-main/First Project
-logFile
Logs/AssetImportWorker0.log
-srvPort
62557
Successfully changed project path to: /Users/lbp/Documents/Unity Projects/First-Project-main/First-Project-main/First Project
/Users/lbp/Documents/Unity Projects/First-Project-main/First-Project-main/First Project
Using Asset Import Pipeline V2.
Refreshing native plugins compatible for Editor in 38.94 ms, found 3 plugins.
Preloading 0 native plugins for Editor in 0.00 ms.
Initialize engine version: 2020.3.15f1 (5e502cb56e17)
[Subsystems] Discovering subsystems at path /Applications/Unity/Hub/Editor/2020.3.15f1/Unity.app/Contents/Resources/UnitySubsystems
[Subsystems] Discovering subsystems at path /Users/lbp/Documents/Unity Projects/First-Project-main/First-Project-main/First Project/Assets
GfxDevice: creating device client; threaded=0
2021-08-20 13:29:37.994 Unity[15103:436283] (null) preferred device: Apple M1 (high power)
2021-08-20 13:29:37.994 Unity[15103:436283] Metal devices available: 1
2021-08-20 13:29:37.994 Unity[15103:436283] 0: Apple M1 (high power)
2021-08-20 13:29:37.995 Unity[15103:436283] Using device Apple M1 (high power)
Initializing Metal device caps: Apple M1
Initialize mono
Mono path[0] = '/Applications/Unity/Hub/Editor/2020.3.15f1/Unity.app/Contents/Managed'
Mono path[1] = '/Applications/Unity/Hub/Editor/2020.3.15f1/Unity.app/Contents/MonoBleedingEdge/lib/mono/unityjit'
Mono config path = '/Applications/Unity/Hub/Editor/2020.3.15f1/Unity.app/Contents/MonoBleedingEdge/etc'
Using monoOptions --debugger-agent=transport=dt_socket,embedding=1,server=y,suspend=n,address=127.0.0.1:56103
Begin MonoManager ReloadAssembly
Error scanning for extension ivy.xml files: System.UnauthorizedAccessException: Access to the path '/Applications/Unity/Hub/Editor/2020.3.15f1/PlaybackEngines/WebGLSupport/tmp/TargetSupport.pkg.tmp' is denied.
  at System.IO.__Error.WinIOError (System.Int32 errorCode, System.String maybeFullPath) [0x00129] in <695d1cc93cca45069c528c15c9fdd749>:0 
  at System.IO.FileSystemEnumerableIterator`1[TSource].HandleError (System.Int32 hr, System.String path) [0x00006] in <695d1cc93cca45069c528c15c9fdd749>:0 
  at System.IO.FileSystemEnumerableIterator`1[TSource].AddSearchableDirsToStack (System.IO.Directory+SearchData localSearchData) [0x00053] in <695d1cc93cca45069c528c15c9fdd749>:0 
  at System.IO.FileSystemEnumerableIterator`1[TSource].MoveNext () [0x0008e] in <695d1cc93cca45069c528c15c9fdd749>:0 
  at System.Collections.Generic.List`1[T]..ctor (System.Collections.Generic.IEnumerable`1[T] collection) [0x00077] in <695d1cc93cca45069c528c15c9fdd749>:0 
  at System.IO.Directory.InternalGetFileDirectoryNames (System.String path, System.String userPathOriginal, System.String searchPattern, System.Boolean includeFiles, System.Boolean includeDirs, System.IO.SearchOption searchOption, System.Boolean checkHost) [0x0000f] in <695d1cc93cca45069c528c15c9fdd749>:0 
  at System.IO.Directory.InternalGetFiles (System.String path, System.String searchPattern, System.IO.SearchOption searchOption) [0x00000] in <695d1cc93cca45069c528c15c9fdd749>:0 
  at System.IO.Directory.GetFiles (System.String path, System.String searchPattern, System.IO.SearchOption searchOption) [0x00038] in <695d1cc93cca45069c528c15c9fdd749>:0 
  at UnityEditor.Modules.ModuleManager.LoadLegacyExtensionsFromIvyFiles () [0x000a5] in /Users/bokken/buildslave/unity/build/Editor/Mono/Modules/ModuleManager.cs:253 
Registering precompiled unity dll's ...
Trying to register platform support module: /Applications/Unity/Hub/Editor/2020.3.15f1/PlaybackEngines/WebGLSupport/UnityEditor.WebGL.Extensions.dll (that doesn't exist). Retrying without overrides.
Platform support module is not available: /Applications/Unity/Hub/Editor/2020.3.15f1/PlaybackEngines/WebGLSupport/UnityEditor.WebGL.Extensions.dll
Register platform support module: /Applications/Unity/Hub/Editor/2020.3.15f1/Unity.app/Contents/PlaybackEngines/MacStandaloneSupport/UnityEditor.OSXStandalone.Extensions.dll
Register platform support module: /Applications/Unity/Hub/Editor/2020.3.15f1/PlaybackEngines/WindowsStandaloneSupport/UnityEditor.WindowsStandalone.Extensions.dll
Register platform support module: /Applications/Unity/Hub/Editor/2020.3.15f1/PlaybackEngines/LinuxStandaloneSupport/UnityEditor.LinuxStandalone.Extensions.dll
Register platform support module: /Applications/Unity/Hub/Editor/2020.3.15f1/PlaybackEngines/LuminSupport/UnityEditor.Lumin.Extensions.dll
Registered in 0.003172 seconds.
Native extension for Lumin target not found
Native extension for LinuxStandalone target not found
Native extension for WindowsStandalone target not found
Native extension for OSXStandalone target not found
Refreshing native plugins compatible for Editor in 43.19 ms, found 3 plugins.
Preloading 0 native plugins for Editor in 0.00 ms.
Mono: successfully reloaded assembly
- Completed reload, in  4.244 seconds
Domain Reload Profiling:
	ReloadAssembly (4244ms)
		BeginReloadAssembly (76ms)
			ExecutionOrderSort (0ms)
			DisableScriptedObjects (0ms)
			BackupInstance (0ms)
			ReleaseScriptingObjects (0ms)
			CreateAndSetChildDomain (3ms)
		EndReloadAssembly (1048ms)
			LoadAssemblies (76ms)
			RebuildTransferFunctionScriptingTraits (0ms)
			SetupTypeCache (194ms)
			ReleaseScriptCaches (0ms)
			RebuildScriptCaches (44ms)
			SetupLoadedEditorAssemblies (537ms)
				LogAssemblyErrors (0ms)
				InitializePlatformSupportModulesInManaged (18ms)
				SetLoadedEditorAssemblies (1ms)
				RefreshPlugins (43ms)
				BeforeProcessingInitializeOnLoad (24ms)
				ProcessInitializeOnLoadAttributes (340ms)
				ProcessInitializeOnLoadMethodAttributes (111ms)
				AfterProcessingInitializeOnLoad (0ms)
				EditorAssembliesLoaded (1ms)
			ExecutionOrderSort2 (0ms)
			AwakeInstancesAfterBackupRestoration (0ms)
Platform modules already initialized, skipping
Registering precompiled user dll's ...
Registered in 0.004300 seconds.
Begin MonoManager ReloadAssembly
Native extension for Lumin target not found
Native extension for LinuxStandalone target not found
Native extension for WindowsStandalone target not found
Native extension for OSXStandalone target not found
Refreshing native plugins compatible for Editor in 41.93 ms, found 3 plugins.
Preloading 0 native plugins for Editor in 0.00 ms.
Mono: successfully reloaded assembly
- Completed reload, in  2.651 seconds
Domain Reload Profiling:
	ReloadAssembly (2653ms)
		BeginReloadAssembly (276ms)
			ExecutionOrderSort (0ms)
			DisableScriptedObjects (32ms)
			BackupInstance (0ms)
			ReleaseScriptingObjects (0ms)
			CreateAndSetChildDomain (44ms)
		EndReloadAssembly (2275ms)
			LoadAssemblies (205ms)
			RebuildTransferFunctionScriptingTraits (0ms)
			SetupTypeCache (365ms)
			ReleaseScriptCaches (1ms)
			RebuildScriptCaches (64ms)
			SetupLoadedEditorAssemblies (1311ms)
				LogAssemblyErrors (0ms)
				InitializePlatformSupportModulesInManaged (18ms)
				SetLoadedEditorAssemblies (0ms)
				RefreshPlugins (42ms)
				BeforeProcessingInitializeOnLoad (164ms)
				ProcessInitializeOnLoadAttributes (1046ms)
				ProcessInitializeOnLoadMethodAttributes (38ms)
				AfterProcessingInitializeOnLoad (1ms)
				EditorAssembliesLoaded (0ms)
			ExecutionOrderSort2 (0ms)
			AwakeInstancesAfterBackupRestoration (32ms)
Platform modules already initialized, skipping
========================================================================
Worker process is ready to serve import requests
Launching external process: /Applications/Unity/Hub/Editor/2020.3.15f1/Unity.app/Contents/Tools/UnityShaderCompiler
Launched and connected shader compiler UnityShaderCompiler after 0.03 seconds
Refreshing native plugins compatible for Editor in 0.38 ms, found 3 plugins.
Preloading 0 native plugins for Editor in 0.00 ms.
Unloading 2112 Unused Serialized files (Serialized files now loaded: 0)
System memory in use before: 179.5 MB.
System memory in use after: 179.6 MB.

Unloading 28 unused Assets to reduce memory usage. Loaded Objects now: 2550.
Total: 2.269375 ms (FindLiveObjects: 0.207791 ms CreateObjectMapping: 0.045709 ms MarkObjects: 1.929084 ms  DeleteObjects: 0.085417 ms)

AssetImportParameters requested are different than current active one (requested -> active):
  custom:video-decoder-ogg-theora: a1e56fd34408186e4bbccfd4996cb3dc -> 
  custom:container-muxer-webm: aa71ff27fc2769a1b78a27578f13a17b -> 
  custom:container-demuxer-webm: 4f35f7cbe854078d1ac9338744f61a02 -> 
  custom:container-demuxer-ogg: 62fdf1f143b41e24485cea50d1cbac27 -> 
  custom:video-encoder-webm-vp8: eb34c28f22e8b96e1ab97ce403110664 -> 
  custom:framework-osx-AVFoundation: e770b220cccbd017edd2c1fefb359320 -> 
  custom:video-decoder-webm-vp8: 9c59270c3fd7afecdb556c50c9e8de78 -> 
  custom:audio-decoder-ogg-vorbis: bf7c407c2cedff20999df2af8eb42d56 -> 
  custom:audio-encoder-webm-vorbis: bf7c407c2cedff20999df2af8eb42d56 -> 
========================================================================
Received Import Request.
  path: Assets/Music/Songs/04 cRaZie$.mp3
  artifactKey: Guid(6ad282df4cd0a484fa6239f9af377964) Importer(815301076,1909f56bfc062723c751e8b465ee728b)
Start importing Assets/Music/Songs/04 cRaZie$.mp3 using Guid(6ad282df4cd0a484fa6239f9af377964) Importer(815301076,1909f56bfc062723c751e8b465ee728b)  -> (artifact id: '34c30404a11992c9cb1359ceeb28db38') in 0.511365 seconds 
  Import took 0.514276 seconds .

========================================================================
Received Import Request.
  Time since last request: 17.426798 seconds.
  path: Assets/Music/Songs/flowergarden.wav
  artifactKey: Guid(042f1965a2df14f5ca3c17ae7928c736) Importer(815301076,1909f56bfc062723c751e8b465ee728b)
Start importing Assets/Music/Songs/flowergarden.wav using Guid(042f1965a2df14f5ca3c17ae7928c736) Importer(815301076,1909f56bfc062723c751e8b465ee728b)  -> (artifact id: 'aca8c098d583273f693a8b2911f8be28') in 0.318105 seconds 
  Import took 0.320771 seconds .

========================================================================
Received Prepare
Registering precompiled user dll's ...
Registered in 0.003313 seconds.
Begin MonoManager ReloadAssembly
Native extension for Lumin target not found
Native extension for LinuxStandalone target not found
Native extension for WindowsStandalone target not found
Native extension for OSXStandalone target not found
Refreshing native plugins compatible for Editor in 0.40 ms, found 3 plugins.
Preloading 0 native plugins for Editor in 0.00 ms.
Mono: successfully reloaded assembly
- Completed reload, in  2.425 seconds
Domain Reload Profiling:
	ReloadAssembly (2426ms)
		BeginReloadAssembly (224ms)
			ExecutionOrderSort (0ms)
			DisableScriptedObjects (32ms)
			BackupInstance (0ms)
			ReleaseScriptingObjects (0ms)
			CreateAndSetChildDomain (85ms)
		EndReloadAssembly (2106ms)
			LoadAssemblies (191ms)
			RebuildTransferFunctionScriptingTraits (0ms)
			SetupTypeCache (339ms)
			ReleaseScriptCaches (1ms)
			RebuildScriptCaches (53ms)
			SetupLoadedEditorAssemblies (1240ms)
				LogAssemblyErrors (0ms)
				InitializePlatformSupportModulesInManaged (19ms)
				SetLoadedEditorAssemblies (1ms)
				RefreshPlugins (0ms)
				BeforeProcessingInitializeOnLoad (172ms)
				ProcessInitializeOnLoadAttributes (1023ms)
				ProcessInitializeOnLoadMethodAttributes (23ms)
				AfterProcessingInitializeOnLoad (1ms)
				EditorAssembliesLoaded (0ms)
			ExecutionOrderSort2 (0ms)
			AwakeInstancesAfterBackupRestoration (43ms)
Platform modules already initialized, skipping
Refreshing native plugins compatible for Editor in 0.36 ms, found 3 plugins.
Preloading 0 native plugins for Editor in 0.00 ms.
Unloading 2089 Unused Serialized files (Serialized files now loaded: 0)
System memory in use before: 189.9 MB.
System memory in use after: 190.1 MB.

Unloading 16 unused Assets to reduce memory usage. Loaded Objects now: 2562.
Total: 1.549750 ms (FindLiveObjects: 0.105792 ms CreateObjectMapping: 0.039125 ms MarkObjects: 1.388041 ms  DeleteObjects: 0.016042 ms)

AssetImportParameters requested are different than current active one (requested -> active):
  custom:video-decoder-ogg-theora: a1e56fd34408186e4bbccfd4996cb3dc -> 
  custom:container-muxer-webm: aa71ff27fc2769a1b78a27578f13a17b -> 
  custom:container-demuxer-webm: 4f35f7cbe854078d1ac9338744f61a02 -> 
  custom:container-demuxer-ogg: 62fdf1f143b41e24485cea50d1cbac27 -> 
  custom:video-encoder-webm-vp8: eb34c28f22e8b96e1ab97ce403110664 -> 
  custom:framework-osx-AVFoundation: e770b220cccbd017edd2c1fefb359320 -> 
  custom:video-decoder-webm-vp8: 9c59270c3fd7afecdb556c50c9e8de78 -> 
  custom:audio-decoder-ogg-vorbis: bf7c407c2cedff20999df2af8eb42d56 -> 
  custom:audio-encoder-webm-vorbis: bf7c407c2cedff20999df2af8eb42d56 -> 
========================================================================
Received Import Request.
  Time since last request: 96.558364 seconds.
  path: Assets/Scenes/Menus/New SceneTemplate.scenetemplate
  artifactKey: Guid(c3b8bb9cd59b049e886da9cc959df5b4) Importer(815301076,1909f56bfc062723c751e8b465ee728b)
Start importing Assets/Scenes/Menus/New SceneTemplate.scenetemplate using Guid(c3b8bb9cd59b049e886da9cc959df5b4) Importer(815301076,1909f56bfc062723c751e8b465ee728b)  -> (artifact id: '1f722d72eb3e5015f7e79a226b5e21e5') in 0.429704 seconds 
  Import took 0.432448 seconds .

========================================================================
Received Import Request.
  Time since last request: 12.331957 seconds.
  path: Assets/Scenes/Menus/Credits.unity
  artifactKey: Guid(821d9b5cb94264b6fa93f3b8c280a025) Importer(815301076,1909f56bfc062723c751e8b465ee728b)
Start importing Assets/Scenes/Menus/Credits.unity using Guid(821d9b5cb94264b6fa93f3b8c280a025) Importer(815301076,1909f56bfc062723c751e8b465ee728b)  -> (artifact id: '5d41a531a5435ebaa98dbad28519bd84') in 0.001738 seconds 
  Import took 0.004347 seconds .

========================================================================
Received Import Request.
  Time since last request: 0.001141 seconds.
  path: Assets/Scenes/Menus/Credits.unity
  artifactKey: Guid(821d9b5cb94264b6fa93f3b8c280a025) Importer(815301076,1909f56bfc062723c751e8b465ee728b)
Start importing Assets/Scenes/Menus/Credits.unity using Guid(821d9b5cb94264b6fa93f3b8c280a025) Importer(815301076,1909f56bfc062723c751e8b465ee728b)  -> (artifact id: '5d41a531a5435ebaa98dbad28519bd84') in 0.002005 seconds 
  Import took 0.004648 seconds .

========================================================================
Received Import Request.
  Time since last request: 201.099714 seconds.
  path: Assets/Fonts/Monaco SDF.asset
  artifactKey: Guid(7cc6580be389248c5b2306e025c476f8) Importer(815301076,1909f56bfc062723c751e8b465ee728b)
Start importing Assets/Fonts/Monaco SDF.asset using Guid(7cc6580be389248c5b2306e025c476f8) Importer(815301076,1909f56bfc062723c751e8b465ee728b)  -> (artifact id: '1e701e5080ca69025d34570452dd1cd3') in 0.387481 seconds 
  Import took 0.390381 seconds .

========================================================================
Received Import Request.
  Time since last request: 210.269838 seconds.
  path: Assets/Scenes/Menus/Main Menu.unity
  artifactKey: Guid(92da0180e80a846a5a483d1acfcfe288) Importer(815301076,1909f56bfc062723c751e8b465ee728b)
Start importing Assets/Scenes/Menus/Main Menu.unity using Guid(92da0180e80a846a5a483d1acfcfe288) Importer(815301076,1909f56bfc062723c751e8b465ee728b)  -> (artifact id: '594dbe22622c136c8ca5e236b80e70c7') in 0.001883 seconds 
  Import took 0.006239 seconds .

========================================================================
Received Import Request.
  Time since last request: 7.606846 seconds.
  path: Assets/Scenes/Menus/Credits.unity
  artifactKey: Guid(821d9b5cb94264b6fa93f3b8c280a025) Importer(815301076,1909f56bfc062723c751e8b465ee728b)
Start importing Assets/Scenes/Menus/Credits.unity using Guid(821d9b5cb94264b6fa93f3b8c280a025) Importer(815301076,1909f56bfc062723c751e8b465ee728b)  -> (artifact id: 'b1a46d3b506ab59bf7a59ced6ad08e3a') in 0.001975 seconds 
  Import took 0.005648 seconds .

========================================================================
Received Import Request.
  Time since last request: 248.120970 seconds.
  path: Assets/Scenes/Menus/Credits.unity
  artifactKey: Guid(821d9b5cb94264b6fa93f3b8c280a025) Importer(815301076,1909f56bfc062723c751e8b465ee728b)
Start importing Assets/Scenes/Menus/Credits.unity using Guid(821d9b5cb94264b6fa93f3b8c280a025) Importer(815301076,1909f56bfc062723c751e8b465ee728b)  -> (artifact id: 'b3e9eeb728426f74bb197160649cd79d') in 0.002647 seconds 
  Import took 0.011692 seconds .

